\BOOKMARK [0][-]{chapter.1}{\376\377\0001\000\040\004\030\004\065\004\100\004\060\004\100\004\105\004\070\004\107\004\065\004\101\004\072\004\070\004\071\000\040\004\101\004\077\004\070\004\101\004\076\004\072\000\040\004\072\004\073\004\060\004\101\004\101\004\076\004\062}{}% 1
\BOOKMARK [1][-]{section.1.1}{\376\377\0001\000.\0001\000\040\004\030\004\065\004\100\004\060\004\100\004\105\004\070\004\117\000\040\004\072\004\073\004\060\004\101\004\101\004\076\004\062}{chapter.1}% 2
\BOOKMARK [0][-]{chapter.2}{\376\377\0002\000\040\004\020\004\073\004\104\004\060\004\062\004\070\004\102\004\075\004\113\004\071\000\040\004\103\004\072\004\060\004\067\004\060\004\102\004\065\004\073\004\114\000\040\004\072\004\073\004\060\004\101\004\101\004\076\004\062}{}% 3
\BOOKMARK [1][-]{section.2.1}{\376\377\0002\000.\0001\000\040\004\032\004\073\004\060\004\101\004\101\004\113}{chapter.2}% 4
\BOOKMARK [0][-]{chapter.3}{\376\377\0003\000\040\004\041\004\077\004\070\004\101\004\076\004\072\000\040\004\104\004\060\004\071\004\073\004\076\004\062}{}% 5
\BOOKMARK [1][-]{section.3.1}{\376\377\0003\000.\0001\000\040\004\044\004\060\004\071\004\073\004\113}{chapter.3}% 6
\BOOKMARK [0][-]{chapter.4}{\376\377\0004\000\040\004\032\004\073\004\060\004\101\004\101\004\113}{}% 7
\BOOKMARK [1][-]{section.4.1}{\376\377\0004\000.\0001\000\040\004\032\004\073\004\060\004\101\004\101\000\040\000A\000r\000g\000s\000D\000e\000c\000o\000d\000e\000E\000x\000c\000e\000p\000t\000i\000o\000n}{chapter.4}% 8
\BOOKMARK [2][-]{subsection.4.1.1}{\376\377\0004\000.\0001\000.\0001\000\040\004\037\004\076\004\064\004\100\004\076\004\061\004\075\004\076\004\065\000\040\004\076\004\077\004\070\004\101\004\060\004\075\004\070\004\065}{section.4.1}% 9
\BOOKMARK [2][-]{subsection.4.1.2}{\376\377\0004\000.\0001\000.\0002\000\040\004\032\004\076\004\075\004\101\004\102\004\100\004\103\004\072\004\102\004\076\004\100\000\050\004\113\000\051}{section.4.1}% 10
\BOOKMARK [3][-]{subsubsection.4.1.2.1}{\376\377\0004\000.\0001\000.\0002\000.\0001\000\040\000A\000r\000g\000s\000D\000e\000c\000o\000d\000e\000E\000x\000c\000e\000p\000t\000i\000o\000n\000\050\000\051}{subsection.4.1.2}% 11
\BOOKMARK [1][-]{section.4.2}{\376\377\0004\000.\0002\000\040\004\032\004\073\004\060\004\101\004\101\000\040\000A\000u\000t\000h\000E\000x\000c\000e\000p\000t\000i\000o\000n}{chapter.4}% 12
\BOOKMARK [2][-]{subsection.4.2.1}{\376\377\0004\000.\0002\000.\0001\000\040\004\037\004\076\004\064\004\100\004\076\004\061\004\075\004\076\004\065\000\040\004\076\004\077\004\070\004\101\004\060\004\075\004\070\004\065}{section.4.2}% 13
\BOOKMARK [2][-]{subsection.4.2.2}{\376\377\0004\000.\0002\000.\0002\000\040\004\032\004\076\004\075\004\101\004\102\004\100\004\103\004\072\004\102\004\076\004\100\000\050\004\113\000\051}{section.4.2}% 14
\BOOKMARK [3][-]{subsubsection.4.2.2.1}{\376\377\0004\000.\0002\000.\0002\000.\0001\000\040\000A\000u\000t\000h\000E\000x\000c\000e\000p\000t\000i\000o\000n\000\050\000\051}{subsection.4.2.2}% 15
\BOOKMARK [1][-]{section.4.3}{\376\377\0004\000.\0003\000\040\004\032\004\073\004\060\004\101\004\101\000\040\000D\000a\000t\000a\000D\000e\000c\000o\000d\000e\000E\000x\000c\000e\000p\000t\000i\000o\000n}{chapter.4}% 16
\BOOKMARK [2][-]{subsection.4.3.1}{\376\377\0004\000.\0003\000.\0001\000\040\004\037\004\076\004\064\004\100\004\076\004\061\004\075\004\076\004\065\000\040\004\076\004\077\004\070\004\101\004\060\004\075\004\070\004\065}{section.4.3}% 17
\BOOKMARK [2][-]{subsection.4.3.2}{\376\377\0004\000.\0003\000.\0002\000\040\004\032\004\076\004\075\004\101\004\102\004\100\004\103\004\072\004\102\004\076\004\100\000\050\004\113\000\051}{section.4.3}% 18
\BOOKMARK [3][-]{subsubsection.4.3.2.1}{\376\377\0004\000.\0003\000.\0002\000.\0001\000\040\000D\000a\000t\000a\000D\000e\000c\000o\000d\000e\000E\000x\000c\000e\000p\000t\000i\000o\000n\000\050\000\051}{subsection.4.3.2}% 19
\BOOKMARK [1][-]{section.4.4}{\376\377\0004\000.\0004\000\040\004\032\004\073\004\060\004\101\004\101\000\040\000D\000e\000c\000o\000d\000e\000r}{chapter.4}% 20
\BOOKMARK [2][-]{subsection.4.4.1}{\376\377\0004\000.\0004\000.\0001\000\040\004\037\004\076\004\064\004\100\004\076\004\061\004\075\004\076\004\065\000\040\004\076\004\077\004\070\004\101\004\060\004\075\004\070\004\065}{section.4.4}% 21
\BOOKMARK [2][-]{subsection.4.4.2}{\376\377\0004\000.\0004\000.\0002\000\040\004\032\004\076\004\075\004\101\004\102\004\100\004\103\004\072\004\102\004\076\004\100\000\050\004\113\000\051}{section.4.4}% 22
\BOOKMARK [3][-]{subsubsection.4.4.2.1}{\376\377\0004\000.\0004\000.\0002\000.\0001\000\040\000D\000e\000c\000o\000d\000e\000r\000\050\000\051}{subsection.4.4.2}% 23
\BOOKMARK [2][-]{subsection.4.4.3}{\376\377\0004\000.\0004\000.\0003\000\040\004\034\004\065\004\102\004\076\004\064\004\113}{section.4.4}% 24
\BOOKMARK [3][-]{subsubsection.4.4.3.1}{\376\377\0004\000.\0004\000.\0003\000.\0001\000\040\000g\000e\000t\000A\000d\000d\000r\000e\000s\000\050\000\051}{subsection.4.4.3}% 25
\BOOKMARK [3][-]{subsubsection.4.4.3.2}{\376\377\0004\000.\0004\000.\0003\000.\0002\000\040\000g\000e\000t\000D\000a\000t\000a\000B\000a\000s\000e\000P\000a\000t\000h\000\050\000\051}{subsection.4.4.3}% 26
\BOOKMARK [3][-]{subsubsection.4.4.3.3}{\376\377\0004\000.\0004\000.\0003\000.\0003\000\040\000g\000e\000t\000L\000o\000g\000P\000a\000t\000h\000\050\000\051}{subsection.4.4.3}% 27
\BOOKMARK [3][-]{subsubsection.4.4.3.4}{\376\377\0004\000.\0004\000.\0003\000.\0004\000\040\000g\000e\000t\000P\000o\000r\000t\000\050\000\051}{subsection.4.4.3}% 28
\BOOKMARK [3][-]{subsubsection.4.4.3.5}{\376\377\0004\000.\0004\000.\0003\000.\0005\000\040\000p\000a\000r\000s\000e\000\050\000\051}{subsection.4.4.3}% 29
\BOOKMARK [3][-]{subsubsection.4.4.3.6}{\376\377\0004\000.\0004\000.\0003\000.\0006\000\040\000s\000h\000o\000w\000H\000e\000l\000p\000\050\000\051}{subsection.4.4.3}% 30
\BOOKMARK [1][-]{section.4.5}{\376\377\0004\000.\0005\000\040\004\032\004\073\004\060\004\101\004\101\000\040\000E\000x\000c\000e\000p\000t\000i\000o\000n}{chapter.4}% 31
\BOOKMARK [2][-]{subsection.4.5.1}{\376\377\0004\000.\0005\000.\0001\000\040\004\037\004\076\004\064\004\100\004\076\004\061\004\075\004\076\004\065\000\040\004\076\004\077\004\070\004\101\004\060\004\075\004\070\004\065}{section.4.5}% 32
\BOOKMARK [2][-]{subsection.4.5.2}{\376\377\0004\000.\0005\000.\0002\000\040\004\032\004\076\004\075\004\101\004\102\004\100\004\103\004\072\004\102\004\076\004\100\000\050\004\113\000\051}{section.4.5}% 33
\BOOKMARK [3][-]{subsubsection.4.5.2.1}{\376\377\0004\000.\0005\000.\0002\000.\0001\000\040\000E\000x\000c\000e\000p\000t\000i\000o\000n\000\050\000\051}{subsection.4.5.2}% 34
\BOOKMARK [2][-]{subsection.4.5.3}{\376\377\0004\000.\0005\000.\0003\000\040\004\034\004\065\004\102\004\076\004\064\004\113}{section.4.5}% 35
\BOOKMARK [3][-]{subsubsection.4.5.3.1}{\376\377\0004\000.\0005\000.\0003\000.\0001\000\040\000l\000o\000g\000E\000x\000c\000e\000p\000t\000i\000o\000n\000\050\000\051}{subsection.4.5.3}% 36
\BOOKMARK [3][-]{subsubsection.4.5.3.2}{\376\377\0004\000.\0005\000.\0003\000.\0002\000\040\000w\000h\000a\000t\000\050\000\051}{subsection.4.5.3}% 37
\BOOKMARK [2][-]{subsection.4.5.4}{\376\377\0004\000.\0005\000.\0004\000\040\004\024\004\060\004\075\004\075\004\113\004\065\000\040\004\072\004\073\004\060\004\101\004\101\004\060}{section.4.5}% 38
\BOOKMARK [3][-]{subsubsection.4.5.4.1}{\376\377\0004\000.\0005\000.\0004\000.\0001\000\040\000c\000r\000i\000t\000i\000c\000a\000l}{subsection.4.5.4}% 39
\BOOKMARK [3][-]{subsubsection.4.5.4.2}{\376\377\0004\000.\0005\000.\0004\000.\0002\000\040\000f\000u\000n\000c}{subsection.4.5.4}% 40
\BOOKMARK [3][-]{subsubsection.4.5.4.3}{\376\377\0004\000.\0005\000.\0004\000.\0003\000\040\000l\000o\000g\000\137\000p\000a\000t\000h}{subsection.4.5.4}% 41
\BOOKMARK [3][-]{subsubsection.4.5.4.4}{\376\377\0004\000.\0005\000.\0004\000.\0004\000\040\000m\000e\000s\000s\000a\000g\000e}{subsection.4.5.4}% 42
\BOOKMARK [3][-]{subsubsection.4.5.4.5}{\376\377\0004\000.\0005\000.\0004\000.\0005\000\040\000n\000a\000m\000e}{subsection.4.5.4}% 43
\BOOKMARK [1][-]{section.4.6}{\376\377\0004\000.\0006\000\040\004\032\004\073\004\060\004\101\004\101\000\040\000I\000O\000E\000x\000c\000e\000p\000t\000i\000o\000n}{chapter.4}% 44
\BOOKMARK [2][-]{subsection.4.6.1}{\376\377\0004\000.\0006\000.\0001\000\040\004\037\004\076\004\064\004\100\004\076\004\061\004\075\004\076\004\065\000\040\004\076\004\077\004\070\004\101\004\060\004\075\004\070\004\065}{section.4.6}% 45
\BOOKMARK [2][-]{subsection.4.6.2}{\376\377\0004\000.\0006\000.\0002\000\040\004\032\004\076\004\075\004\101\004\102\004\100\004\103\004\072\004\102\004\076\004\100\000\050\004\113\000\051}{section.4.6}% 46
\BOOKMARK [3][-]{subsubsection.4.6.2.1}{\376\377\0004\000.\0006\000.\0002\000.\0001\000\040\000I\000O\000E\000x\000c\000e\000p\000t\000i\000o\000n\000\050\000\051}{subsection.4.6.2}% 47
\BOOKMARK [1][-]{section.4.7}{\376\377\0004\000.\0007\000\040\004\032\004\073\004\060\004\101\004\101\000\040\000N\000e\000t\000w\000o\000r\000k}{chapter.4}% 48
\BOOKMARK [2][-]{subsection.4.7.1}{\376\377\0004\000.\0007\000.\0001\000\040\004\037\004\076\004\064\004\100\004\076\004\061\004\075\004\076\004\065\000\040\004\076\004\077\004\070\004\101\004\060\004\075\004\070\004\065}{section.4.7}% 49
\BOOKMARK [2][-]{subsection.4.7.2}{\376\377\0004\000.\0007\000.\0002\000\040\004\032\004\076\004\075\004\101\004\102\004\100\004\103\004\072\004\102\004\076\004\100\000\050\004\113\000\051}{section.4.7}% 50
\BOOKMARK [3][-]{subsubsection.4.7.2.1}{\376\377\0004\000.\0007\000.\0002\000.\0001\000\040\000N\000e\000t\000w\000o\000r\000k\000\050\000\051}{subsection.4.7.2}% 51
\BOOKMARK [2][-]{subsection.4.7.3}{\376\377\0004\000.\0007\000.\0003\000\040\004\034\004\065\004\102\004\076\004\064\004\113}{section.4.7}% 52
\BOOKMARK [3][-]{subsubsection.4.7.3.1}{\376\377\0004\000.\0007\000.\0003\000.\0001\000\040\000a\000u\000t\000h\000\050\000\051}{subsection.4.7.3}% 53
\BOOKMARK [3][-]{subsubsection.4.7.3.2}{\376\377\0004\000.\0007\000.\0003\000.\0002\000\040\000g\000e\000t\000A\000d\000d\000r\000e\000s\000s\000\050\000\051}{subsection.4.7.3}% 54
\BOOKMARK [3][-]{subsubsection.4.7.3.3}{\376\377\0004\000.\0007\000.\0003\000.\0003\000\040\000g\000e\000t\000D\000a\000t\000a\000b\000a\000s\000e\000\050\000\051}{subsection.4.7.3}% 55
\BOOKMARK [3][-]{subsubsection.4.7.3.4}{\376\377\0004\000.\0007\000.\0003\000.\0004\000\040\000g\000e\000t\000P\000o\000r\000t\000\050\000\051}{subsection.4.7.3}% 56
\BOOKMARK [3][-]{subsubsection.4.7.3.5}{\376\377\0004\000.\0007\000.\0003\000.\0005\000\040\000s\000t\000a\000r\000t\000\050\000\051}{subsection.4.7.3}% 57
\BOOKMARK [3][-]{subsubsection.4.7.3.6}{\376\377\0004\000.\0007\000.\0003\000.\0006\000\040\000s\000t\000o\000p\000\050\000\051}{subsection.4.7.3}% 58
\BOOKMARK [3][-]{subsubsection.4.7.3.7}{\376\377\0004\000.\0007\000.\0003\000.\0007\000\040\000s\000u\000m\000\050\000\051}{subsection.4.7.3}% 59
\BOOKMARK [3][-]{subsubsection.4.7.3.8}{\376\377\0004\000.\0007\000.\0003\000.\0008\000\040\000w\000a\000i\000t\000\050\000\051}{subsection.4.7.3}% 60
\BOOKMARK [1][-]{section.4.8}{\376\377\0004\000.\0008\000\040\004\032\004\073\004\060\004\101\004\101\000\040\000N\000e\000t\000w\000o\000r\000k\000E\000x\000c\000e\000p\000t\000i\000o\000n}{chapter.4}% 61
\BOOKMARK [2][-]{subsection.4.8.1}{\376\377\0004\000.\0008\000.\0001\000\040\004\037\004\076\004\064\004\100\004\076\004\061\004\075\004\076\004\065\000\040\004\076\004\077\004\070\004\101\004\060\004\075\004\070\004\065}{section.4.8}% 62
\BOOKMARK [2][-]{subsection.4.8.2}{\376\377\0004\000.\0008\000.\0002\000\040\004\032\004\076\004\075\004\101\004\102\004\100\004\103\004\072\004\102\004\076\004\100\000\050\004\113\000\051}{section.4.8}% 63
\BOOKMARK [3][-]{subsubsection.4.8.2.1}{\376\377\0004\000.\0008\000.\0002\000.\0001\000\040\000N\000e\000t\000w\000o\000r\000k\000E\000x\000c\000e\000p\000t\000i\000o\000n\000\050\000\051}{subsection.4.8.2}% 64
\BOOKMARK [0][-]{chapter.5}{\376\377\0005\000\040\004\044\004\060\004\071\004\073\004\113}{}% 65
\BOOKMARK [1][-]{section.5.1}{\376\377\0005\000.\0001\000\040\004\044\004\060\004\071\004\073\000\040\000D\000e\000s\000k\000t\000o\000p\000/\000s\000a\000s\000h\000a\000/\000d\000e\000c\000o\000d\000e\000r\000.\000c\000p\000p}{chapter.5}% 66
\BOOKMARK [1][-]{section.5.2}{\376\377\0005\000.\0002\000\040\004\044\004\060\004\071\004\073\000\040\000D\000e\000s\000k\000t\000o\000p\000/\000s\000a\000s\000h\000a\000/\000d\000e\000c\000o\000d\000e\000r\000.\000h}{chapter.5}% 67
\BOOKMARK [2][-]{subsection.5.2.1}{\376\377\0005\000.\0002\000.\0001\000\040\004\037\004\076\004\064\004\100\004\076\004\061\004\075\004\076\004\065\000\040\004\076\004\077\004\070\004\101\004\060\004\075\004\070\004\065}{section.5.2}% 68
\BOOKMARK [1][-]{section.5.3}{\376\377\0005\000.\0003\000\040\004\044\004\060\004\071\004\073\000\040\000D\000e\000s\000k\000t\000o\000p\000/\000s\000a\000s\000h\000a\000/\000e\000x\000c\000e\000p\000t\000i\000o\000n\000s\000.\000c\000p\000p}{chapter.5}% 69
\BOOKMARK [1][-]{section.5.4}{\376\377\0005\000.\0004\000\040\004\044\004\060\004\071\004\073\000\040\000D\000e\000s\000k\000t\000o\000p\000/\000s\000a\000s\000h\000a\000/\000e\000x\000c\000e\000p\000t\000i\000o\000n\000s\000.\000h}{chapter.5}% 70
\BOOKMARK [2][-]{subsection.5.4.1}{\376\377\0005\000.\0004\000.\0001\000\040\004\037\004\076\004\064\004\100\004\076\004\061\004\075\004\076\004\065\000\040\004\076\004\077\004\070\004\101\004\060\004\075\004\070\004\065}{section.5.4}% 71
\BOOKMARK [1][-]{section.5.5}{\376\377\0005\000.\0005\000\040\004\044\004\060\004\071\004\073\000\040\000D\000e\000s\000k\000t\000o\000p\000/\000s\000a\000s\000h\000a\000/\000h\000a\000s\000h\000.\000c\000p\000p}{chapter.5}% 72
\BOOKMARK [2][-]{subsection.5.5.1}{\376\377\0005\000.\0005\000.\0001\000\040\004\044\004\103\004\075\004\072\004\106\004\070\004\070}{section.5.5}% 73
\BOOKMARK [3][-]{subsubsection.5.5.1.1}{\376\377\0005\000.\0005\000.\0001\000.\0001\000\040\000g\000e\000t\000H\000a\000s\000h\000\050\000\051}{subsection.5.5.1}% 74
\BOOKMARK [3][-]{subsubsection.5.5.1.2}{\376\377\0005\000.\0005\000.\0001\000.\0002\000\040\000g\000e\000t\000S\000a\000l\000t\000\050\000\051}{subsection.5.5.1}% 75
\BOOKMARK [1][-]{section.5.6}{\376\377\0005\000.\0006\000\040\004\044\004\060\004\071\004\073\000\040\000D\000e\000s\000k\000t\000o\000p\000/\000s\000a\000s\000h\000a\000/\000h\000a\000s\000h\000.\000h}{chapter.5}% 76
\BOOKMARK [2][-]{subsection.5.6.1}{\376\377\0005\000.\0006\000.\0001\000\040\004\037\004\076\004\064\004\100\004\076\004\061\004\075\004\076\004\065\000\040\004\076\004\077\004\070\004\101\004\060\004\075\004\070\004\065}{section.5.6}% 77
\BOOKMARK [2][-]{subsection.5.6.2}{\376\377\0005\000.\0006\000.\0002\000\040\004\044\004\103\004\075\004\072\004\106\004\070\004\070}{section.5.6}% 78
\BOOKMARK [3][-]{subsubsection.5.6.2.1}{\376\377\0005\000.\0006\000.\0002\000.\0001\000\040\000g\000e\000t\000H\000a\000s\000h\000\050\000\051}{subsection.5.6.2}% 79
\BOOKMARK [3][-]{subsubsection.5.6.2.2}{\376\377\0005\000.\0006\000.\0002\000.\0002\000\040\000g\000e\000t\000S\000a\000l\000t\000\050\000\051}{subsection.5.6.2}% 80
\BOOKMARK [1][-]{section.5.7}{\376\377\0005\000.\0007\000\040\004\044\004\060\004\071\004\073\000\040\000D\000e\000s\000k\000t\000o\000p\000/\000s\000a\000s\000h\000a\000/\000m\000a\000i\000n\000.\000c\000p\000p}{chapter.5}% 81
\BOOKMARK [2][-]{subsection.5.7.1}{\376\377\0005\000.\0007\000.\0001\000\040\004\044\004\103\004\075\004\072\004\106\004\070\004\070}{section.5.7}% 82
\BOOKMARK [3][-]{subsubsection.5.7.1.1}{\376\377\0005\000.\0007\000.\0001\000.\0001\000\040\000g\000e\000t\000D\000a\000t\000a\000B\000a\000s\000e\000\050\000\051}{subsection.5.7.1}% 83
\BOOKMARK [3][-]{subsubsection.5.7.1.2}{\376\377\0005\000.\0007\000.\0001\000.\0002\000\040\000l\000o\000o\000p\000\050\000\051}{subsection.5.7.1}% 84
\BOOKMARK [3][-]{subsubsection.5.7.1.3}{\376\377\0005\000.\0007\000.\0001\000.\0003\000\040\000m\000a\000i\000n\000\050\000\051}{subsection.5.7.1}% 85
\BOOKMARK [2][-]{subsection.5.7.2}{\376\377\0005\000.\0007\000.\0002\000\040\004\037\004\065\004\100\004\065\004\074\004\065\004\075\004\075\004\113\004\065}{section.5.7}% 86
\BOOKMARK [3][-]{subsubsection.5.7.2.1}{\376\377\0005\000.\0007\000.\0002\000.\0001\000\040\000L\000O\000G\000\137\000P\000A\000T\000H}{subsection.5.7.2}% 87
\BOOKMARK [1][-]{section.5.8}{\376\377\0005\000.\0008\000\040\004\044\004\060\004\071\004\073\000\040\000D\000e\000s\000k\000t\000o\000p\000/\000s\000a\000s\000h\000a\000/\000m\000a\000i\000n\0001\000.\000c\000p\000p}{chapter.5}% 88
\BOOKMARK [2][-]{subsection.5.8.1}{\376\377\0005\000.\0008\000.\0001\000\040\004\044\004\103\004\075\004\072\004\106\004\070\004\070}{section.5.8}% 89
\BOOKMARK [3][-]{subsubsection.5.8.1.1}{\376\377\0005\000.\0008\000.\0001\000.\0001\000\040\000m\000a\000i\000n\000\050\000\051}{subsection.5.8.1}% 90
\BOOKMARK [3][-]{subsubsection.5.8.1.2}{\376\377\0005\000.\0008\000.\0001\000.\0002\000\040\000T\000E\000S\000T\000\050\000\051\000\040\000[\0001\000/\0009\000]}{subsection.5.8.1}% 91
\BOOKMARK [3][-]{subsubsection.5.8.1.3}{\376\377\0005\000.\0008\000.\0001\000.\0003\000\040\000T\000E\000S\000T\000\050\000\051\000\040\000[\0002\000/\0009\000]}{subsection.5.8.1}% 92
\BOOKMARK [3][-]{subsubsection.5.8.1.4}{\376\377\0005\000.\0008\000.\0001\000.\0004\000\040\000T\000E\000S\000T\000\050\000\051\000\040\000[\0003\000/\0009\000]}{subsection.5.8.1}% 93
\BOOKMARK [3][-]{subsubsection.5.8.1.5}{\376\377\0005\000.\0008\000.\0001\000.\0005\000\040\000T\000E\000S\000T\000\050\000\051\000\040\000[\0004\000/\0009\000]}{subsection.5.8.1}% 94
\BOOKMARK [3][-]{subsubsection.5.8.1.6}{\376\377\0005\000.\0008\000.\0001\000.\0006\000\040\000T\000E\000S\000T\000\050\000\051\000\040\000[\0005\000/\0009\000]}{subsection.5.8.1}% 95
\BOOKMARK [3][-]{subsubsection.5.8.1.7}{\376\377\0005\000.\0008\000.\0001\000.\0007\000\040\000T\000E\000S\000T\000\050\000\051\000\040\000[\0006\000/\0009\000]}{subsection.5.8.1}% 96
\BOOKMARK [3][-]{subsubsection.5.8.1.8}{\376\377\0005\000.\0008\000.\0001\000.\0008\000\040\000T\000E\000S\000T\000\050\000\051\000\040\000[\0007\000/\0009\000]}{subsection.5.8.1}% 97
\BOOKMARK [3][-]{subsubsection.5.8.1.9}{\376\377\0005\000.\0008\000.\0001\000.\0009\000\040\000T\000E\000S\000T\000\050\000\051\000\040\000[\0008\000/\0009\000]}{subsection.5.8.1}% 98
\BOOKMARK [3][-]{subsubsection.5.8.1.10}{\376\377\0005\000.\0008\000.\0001\000.\0001\0000\000\040\000T\000E\000S\000T\000\050\000\051\000\040\000[\0009\000/\0009\000]}{subsection.5.8.1}% 99
\BOOKMARK [1][-]{section.5.9}{\376\377\0005\000.\0009\000\040\004\044\004\060\004\071\004\073\000\040\000D\000e\000s\000k\000t\000o\000p\000/\000s\000a\000s\000h\000a\000/\000n\000e\000t\000w\000o\000r\000k\000.\000c\000p\000p}{chapter.5}% 100
\BOOKMARK [1][-]{section.5.10}{\376\377\0005\000.\0001\0000\000\040\004\044\004\060\004\071\004\073\000\040\000D\000e\000s\000k\000t\000o\000p\000/\000s\000a\000s\000h\000a\000/\000n\000e\000t\000w\000o\000r\000k\000.\000h}{chapter.5}% 101
\BOOKMARK [2][-]{subsection.5.10.1}{\376\377\0005\000.\0001\0000\000.\0001\000\040\004\037\004\076\004\064\004\100\004\076\004\061\004\075\004\076\004\065\000\040\004\076\004\077\004\070\004\101\004\060\004\075\004\070\004\065}{section.5.10}% 102
\BOOKMARK [0][-]{section*.50}{\376\377\004\037\004\100\004\065\004\064\004\074\004\065\004\102\004\075\004\113\004\071\000\040\004\103\004\072\004\060\004\067\004\060\004\102\004\065\004\073\004\114}{}% 103
